\BOOKMARK [1][-]{section.1}{Introduzione}{}% 1
\BOOKMARK [2][-]{subsection.1.1}{Scopo del documento}{section.1}% 2
\BOOKMARK [2][-]{subsection.1.2}{Scopo del prodotto}{section.1}% 3
\BOOKMARK [2][-]{subsection.1.3}{Glossario}{section.1}% 4
\BOOKMARK [2][-]{subsection.1.4}{Riferimenti}{section.1}% 5
\BOOKMARK [3][-]{subsubsection.1.4.1}{Riferimenti normativi}{subsection.1.4}% 6
\BOOKMARK [3][-]{subsubsection.1.4.2}{Riferimenti informativi}{subsection.1.4}% 7
\BOOKMARK [2][-]{subsection.1.5}{Note}{section.1}% 8
\BOOKMARK [1][-]{section.2}{Strategie di verifica}{}% 9
\BOOKMARK [2][-]{subsection.2.1}{Obiettivi di qualit\340}{section.2}% 10
\BOOKMARK [3][-]{subsubsection.2.1.1}{Qualit\340 di processo}{subsection.2.1}% 11
\BOOKMARK [3][-]{subsubsection.2.1.2}{Qualit\340 di prodotto}{subsection.2.1}% 12
\BOOKMARK [2][-]{subsection.2.2}{Responsabilit\340}{section.2}% 13
\BOOKMARK [2][-]{subsection.2.3}{Pianficazione strategica temporale}{section.2}% 14
\BOOKMARK [3][-]{subsubsection.2.3.1}{Strategia}{subsection.2.3}% 15
\BOOKMARK [3][-]{subsubsection.2.3.2}{Tempistiche}{subsection.2.3}% 16
\BOOKMARK [2][-]{subsection.2.4}{Misure e metriche}{section.2}% 17
\BOOKMARK [3][-]{subsubsection.2.4.1}{Metriche processi}{subsection.2.4}% 18
\BOOKMARK [4][-]{paragraph.2.4.1.1}{Schedule Variance}{subsubsection.2.4.1}% 19
\BOOKMARK [4][-]{paragraph.2.4.1.2}{Budget Variance}{subsubsection.2.4.1}% 20
\BOOKMARK [3][-]{subsubsection.2.4.2}{Metriche documenti}{subsection.2.4}% 21
\BOOKMARK [4][-]{paragraph.2.4.2.1}{Indice Gulpease}{subsubsection.2.4.2}% 22
\BOOKMARK [3][-]{subsubsection.2.4.3}{Metriche software}{subsection.2.4}% 23
\BOOKMARK [4][-]{paragraph.2.4.3.1}{Numero di Metodi}{subsubsection.2.4.3}% 24
\BOOKMARK [4][-]{paragraph.2.4.3.2}{Numero di Parametri}{subsubsection.2.4.3}% 25
\BOOKMARK [4][-]{paragraph.2.4.3.3}{Funzioni di interfaccia per package}{subsubsection.2.4.3}% 26
\BOOKMARK [4][-]{paragraph.2.4.3.4}{Complessit\340 Ciclomatica}{subsubsection.2.4.3}% 27
\BOOKMARK [4][-]{paragraph.2.4.3.5}{Campi dati per classe}{subsubsection.2.4.3}% 28
\BOOKMARK [4][-]{paragraph.2.4.3.6}{Commenti per linee di codice}{subsubsection.2.4.3}% 29
\BOOKMARK [4][-]{paragraph.2.4.3.7}{Code Coverage}{subsubsection.2.4.3}% 30
\BOOKMARK [4][-]{paragraph.2.4.3.8}{Superamento test}{subsubsection.2.4.3}% 31
\BOOKMARK [4][-]{paragraph.2.4.3.9}{Superamento test}{subsubsection.2.4.3}% 32
\BOOKMARK [3][-]{subsubsection.2.4.4}{Riassunto metriche}{subsection.2.4}% 33
\BOOKMARK [0][-]{table.2}{Appendici}{}% 34
\BOOKMARK [1][-]{appendix.Alph1}{Esito Verifica}{table.2}% 35
\BOOKMARK [1][-]{appendix.Alph2}{Pianificazione Test}{table.2}% 36
\BOOKMARK [1][-]{appendix.Alph3}{Qualit\340}{table.2}% 37
\BOOKMARK [2][-]{subsection.Alph3.1}{SPICE}{appendix.Alph3}% 38
\BOOKMARK [2][-]{subsection.Alph3.2}{ISO/IEC 9126}{appendix.Alph3}% 39
