\BOOKMARK [1][-]{section.1}{Introduzione}{}% 1
\BOOKMARK [2][-]{subsection.1.1}{Scopo del Documento}{section.1}% 2
\BOOKMARK [2][-]{subsection.1.2}{Glossario}{section.1}% 3
\BOOKMARK [2][-]{subsection.1.3}{Riferimenti}{section.1}% 4
\BOOKMARK [3][-]{subsubsection.1.3.1}{Normativi}{subsection.1.3}% 5
\BOOKMARK [3][-]{subsubsection.1.3.2}{Informativi}{subsection.1.3}% 6
\BOOKMARK [1][-]{section.2}{Capitolato C1}{}% 7
\BOOKMARK [2][-]{subsection.2.1}{Informazioni sul Capitolato}{section.2}% 8
\BOOKMARK [2][-]{subsection.2.2}{Descrizione}{section.2}% 9
\BOOKMARK [2][-]{subsection.2.3}{Dominio Applicativo}{section.2}% 10
\BOOKMARK [2][-]{subsection.2.4}{Dominio Tecnologico}{section.2}% 11
\BOOKMARK [2][-]{subsection.2.5}{Considerazioni del gruppo}{section.2}% 12
\BOOKMARK [2][-]{subsection.2.6}{Valutazione Finale}{section.2}% 13
\BOOKMARK [1][-]{section.3}{Capitolato C2}{}% 14
\BOOKMARK [2][-]{subsection.3.1}{Informazioni sul Capitolato}{section.3}% 15
\BOOKMARK [2][-]{subsection.3.2}{Descrizione}{section.3}% 16
\BOOKMARK [2][-]{subsection.3.3}{Dominio Applicativo}{section.3}% 17
\BOOKMARK [2][-]{subsection.3.4}{Dominio Tecnologico}{section.3}% 18
\BOOKMARK [2][-]{subsection.3.5}{Considerazioni del gruppo}{section.3}% 19
\BOOKMARK [2][-]{subsection.3.6}{Valutazione Finale}{section.3}% 20
\BOOKMARK [1][-]{section.4}{Capitolato C3}{}% 21
\BOOKMARK [2][-]{subsection.4.1}{Informazioni sul Capitolato}{section.4}% 22
\BOOKMARK [2][-]{subsection.4.2}{Descrizione}{section.4}% 23
\BOOKMARK [2][-]{subsection.4.3}{Dominio Applicativo}{section.4}% 24
\BOOKMARK [2][-]{subsection.4.4}{Dominio Tecnologico}{section.4}% 25
\BOOKMARK [2][-]{subsection.4.5}{Considerazioni del gruppo}{section.4}% 26
\BOOKMARK [2][-]{subsection.4.6}{Valutazione Finale}{section.4}% 27
\BOOKMARK [1][-]{section.5}{Capitolato C4}{}% 28
\BOOKMARK [2][-]{subsection.5.1}{Informazioni sul Capitolato}{section.5}% 29
\BOOKMARK [2][-]{subsection.5.2}{Descrizione}{section.5}% 30
\BOOKMARK [2][-]{subsection.5.3}{Dominio Applicativo}{section.5}% 31
\BOOKMARK [2][-]{subsection.5.4}{Dominio Tecnologico}{section.5}% 32
\BOOKMARK [2][-]{subsection.5.5}{Considerazioni del gruppo}{section.5}% 33
\BOOKMARK [2][-]{subsection.5.6}{Valutazione Finale}{section.5}% 34
\BOOKMARK [1][-]{section.6}{Capitolato C5}{}% 35
\BOOKMARK [2][-]{subsection.6.1}{Informazioni sul Capitolato}{section.6}% 36
\BOOKMARK [2][-]{subsection.6.2}{Descrizione}{section.6}% 37
\BOOKMARK [2][-]{subsection.6.3}{Dominio Applicativo}{section.6}% 38
\BOOKMARK [2][-]{subsection.6.4}{Dominio Tecnologico}{section.6}% 39
\BOOKMARK [2][-]{subsection.6.5}{Considerazioni del gruppo}{section.6}% 40
\BOOKMARK [2][-]{subsection.6.6}{Valutazione Finale}{section.6}% 41
\BOOKMARK [1][-]{section.7}{Capitolato C6}{}% 42
\BOOKMARK [2][-]{subsection.7.1}{Informazioni sul Capitolato}{section.7}% 43
\BOOKMARK [2][-]{subsection.7.2}{Descrizione}{section.7}% 44
\BOOKMARK [2][-]{subsection.7.3}{Dominio Applicativo}{section.7}% 45
\BOOKMARK [2][-]{subsection.7.4}{Dominio Tecnologico}{section.7}% 46
\BOOKMARK [2][-]{subsection.7.5}{Considerazioni del gruppo}{section.7}% 47
\BOOKMARK [2][-]{subsection.7.6}{Valutazione Finale}{section.7}% 48
