\BOOKMARK [1][-]{section.1}{Introduzione}{}% 1
\BOOKMARK [2][-]{subsection.1.1}{Scopo del documento}{section.1}% 2
\BOOKMARK [2][-]{subsection.1.2}{Scopo del prodotto}{section.1}% 3
\BOOKMARK [2][-]{subsection.1.3}{Glossario}{section.1}% 4
\BOOKMARK [2][-]{subsection.1.4}{Riferimenti}{section.1}% 5
\BOOKMARK [3][-]{subsubsection.1.4.1}{Riferimenti normativi}{subsection.1.4}% 6
\BOOKMARK [3][-]{subsubsection.1.4.2}{Riferimenti informativi}{subsection.1.4}% 7
\BOOKMARK [2][-]{subsection.1.5}{Scadenze}{section.1}% 8
\BOOKMARK [1][-]{section.2}{Analisi dei rischi}{}% 9
\BOOKMARK [1][-]{section.3}{Modelli di sviluppo}{}% 10
\BOOKMARK [2][-]{subsection.3.1}{Motivazioni}{section.3}% 11
\BOOKMARK [1][-]{section.4}{Pianificazione}{}% 12
\BOOKMARK [2][-]{subsection.4.1}{Analisi}{section.4}% 13
\BOOKMARK [2][-]{subsection.4.2}{Consolidamento}{section.4}% 14
\BOOKMARK [2][-]{subsection.4.3}{Progettazione Architetturale}{section.4}% 15
\BOOKMARK [2][-]{subsection.4.4}{Pianificazione di Dettaglio e Codifica}{section.4}% 16
\BOOKMARK [2][-]{subsection.4.5}{Verifica e Validazione}{section.4}% 17
\BOOKMARK [1][-]{section.5}{Preventivo}{}% 18
\BOOKMARK [2][-]{subsection.5.1}{Analisi}{section.5}% 19
\BOOKMARK [3][-]{subsubsection.5.1.1}{Prospetto Orario}{subsection.5.1}% 20
\BOOKMARK [3][-]{subsubsection.5.1.2}{Prospetto Economico}{subsection.5.1}% 21
\BOOKMARK [2][-]{subsection.5.2}{Consolidamento}{section.5}% 22
\BOOKMARK [3][-]{subsubsection.5.2.1}{Prospetto Orario}{subsection.5.2}% 23
\BOOKMARK [3][-]{subsubsection.5.2.2}{Prospetto Economico}{subsection.5.2}% 24
\BOOKMARK [2][-]{subsection.5.3}{Progettazione Architetturale}{section.5}% 25
\BOOKMARK [3][-]{subsubsection.5.3.1}{Prospetto Orario}{subsection.5.3}% 26
\BOOKMARK [3][-]{subsubsection.5.3.2}{Prospetto Economico}{subsection.5.3}% 27
\BOOKMARK [2][-]{subsection.5.4}{Progettazione di Dettaglio e Codifica}{section.5}% 28
\BOOKMARK [3][-]{subsubsection.5.4.1}{Prospetto Orario}{subsection.5.4}% 29
\BOOKMARK [3][-]{subsubsection.5.4.2}{Prospetto Economico}{subsection.5.4}% 30
\BOOKMARK [2][-]{subsection.5.5}{Verifica e Validazione}{section.5}% 31
\BOOKMARK [3][-]{subsubsection.5.5.1}{Prospetto Orario}{subsection.5.5}% 32
\BOOKMARK [3][-]{subsubsection.5.5.2}{Prospetto Economico}{subsection.5.5}% 33
\BOOKMARK [2][-]{subsection.5.6}{Totale con Investimento}{section.5}% 34
\BOOKMARK [3][-]{subsubsection.5.6.1}{Prospetto Orario}{subsection.5.6}% 35
\BOOKMARK [3][-]{subsubsection.5.6.2}{Prospetto Economico}{subsection.5.6}% 36
\BOOKMARK [2][-]{subsection.5.7}{Totale Rendicontato}{section.5}% 37
\BOOKMARK [3][-]{subsubsection.5.7.1}{Prospetto Orario}{subsection.5.7}% 38
\BOOKMARK [3][-]{subsubsection.5.7.2}{Prospetto Economico}{subsection.5.7}% 39
\BOOKMARK [1][-]{section.6}{Consuntivo e preventivo a finire}{}% 40
\BOOKMARK [2][-]{subsection.6.1}{Periodo di Analisi}{section.6}% 41
\BOOKMARK [3][-]{subsubsection.6.1.1}{Consuntivo}{subsection.6.1}% 42
\BOOKMARK [2][-]{subsection.6.2}{Osservazioni}{section.6}% 43
\BOOKMARK [2][-]{subsection.6.3}{Preventivo a finire}{section.6}% 44
\BOOKMARK [0][-]{table.caption.38}{Appendici}{}% 45
\BOOKMARK [1][-]{appendix.Alph1}{Riscontro Rischi}{table.caption.38}% 46
\BOOKMARK [2][-]{subsection.Alph1.1}{Periodo di Analisi}{appendix.Alph1}% 47
