\BOOKMARK [1][-]{section.1}{A}{}% 1
\BOOKMARK [1][-]{section.2}{B}{}% 2
\BOOKMARK [1][-]{section.3}{C}{}% 3
\BOOKMARK [1][-]{section.4}{D}{}% 4
\BOOKMARK [1][-]{section.5}{E}{}% 5
\BOOKMARK [1][-]{section.6}{F}{}% 6
\BOOKMARK [1][-]{section.7}{G}{}% 7
\BOOKMARK [1][-]{section.8}{I}{}% 8
\BOOKMARK [1][-]{section.9}{K}{}% 9
\BOOKMARK [1][-]{section.10}{L}{}% 10
\BOOKMARK [1][-]{section.11}{M}{}% 11
\BOOKMARK [1][-]{section.12}{N}{}% 12
\BOOKMARK [1][-]{section.13}{O}{}% 13
\BOOKMARK [1][-]{section.14}{P}{}% 14
\BOOKMARK [1][-]{section.15}{Q}{}% 15
\BOOKMARK [1][-]{section.16}{R}{}% 16
\BOOKMARK [1][-]{section.17}{S}{}% 17
\BOOKMARK [1][-]{section.18}{T}{}% 18
\BOOKMARK [1][-]{section.19}{V}{}% 19
\BOOKMARK [1][-]{section.20}{W}{}% 20
