\BOOKMARK [1][-]{section.1}{Introduzione}{}% 1
\BOOKMARK [2][-]{subsection.1.1}{Scopo del documento}{section.1}% 2
\BOOKMARK [2][-]{subsection.1.2}{Scopo del prodotto}{section.1}% 3
\BOOKMARK [2][-]{subsection.1.3}{Glossario}{section.1}% 4
\BOOKMARK [2][-]{subsection.1.4}{Riferimenti}{section.1}% 5
\BOOKMARK [3][-]{subsubsection.1.4.1}{Riferimenti normativi}{subsection.1.4}% 6
\BOOKMARK [3][-]{subsubsection.1.4.2}{Riferimenti informativi}{subsection.1.4}% 7
\BOOKMARK [1][-]{section.2}{Descrizione generale}{}% 8
\BOOKMARK [2][-]{subsubsection.2.0.1}{Contesto d\220uso del prodotto}{section.2}% 9
\BOOKMARK [3][-]{subsubsection.2.0.2}{Funzioni del prodotto}{subsubsection.2.0.1}% 10
\BOOKMARK [3][-]{subsubsection.2.0.3}{Caratteristiche degli utenti}{subsubsection.2.0.1}% 11
\BOOKMARK [1][-]{section.3}{Casi d'uso}{}% 12
\BOOKMARK [2][-]{subsection.3.1}{Utente non autenticato}{section.3}% 13
\BOOKMARK [3][-]{subsubsection.3.1.1}{Panoramica utente non autenticato}{subsection.3.1}% 14
\BOOKMARK [3][-]{subsubsection.3.1.2}{UC 1.1 - Autenticazione}{subsection.3.1}% 15
\BOOKMARK [3][-]{subsubsection.3.1.3}{UC 1.1.1 - Inserimento nome utente}{subsection.3.1}% 16
\BOOKMARK [3][-]{subsubsection.3.1.4}{UC 1.1.2 - Inserimento password}{subsection.3.1}% 17
\BOOKMARK [3][-]{subsubsection.3.1.5}{UC 1.2 - Inserimento frase libera}{subsection.3.1}% 18
\BOOKMARK [3][-]{subsubsection.3.1.6}{UC 1.2.1 - Visualizzazione errore inserimento frase}{subsection.3.1}% 19
\BOOKMARK [3][-]{subsubsection.3.1.7}{UC 1.3 - Registrazione utente}{subsection.3.1}% 20
\BOOKMARK [3][-]{subsubsection.3.1.8}{UC 1.3.1 - Visualizzazione messaggio errore dato presente}{subsection.3.1}% 21
\BOOKMARK [3][-]{subsubsection.3.1.9}{UC 1.3.2 - Visualizzazione messaggio errore password diverse}{subsection.3.1}% 22
\BOOKMARK [3][-]{subsubsection.3.1.10}{UC 1.4 - Richiesta registrazione Sviluppatore}{subsection.3.1}% 23
\BOOKMARK [3][-]{subsubsection.3.1.11}{UC 1.3.3 - Inserimento nome utente}{subsection.3.1}% 24
\BOOKMARK [3][-]{subsubsection.3.1.12}{UC 1.3.4 - Inserimento email istituzionale}{subsection.3.1}% 25
\BOOKMARK [3][-]{subsubsection.3.1.13}{UC 1.3.5 - Inserimento password}{subsection.3.1}% 26
\BOOKMARK [3][-]{subsubsection.3.1.14}{UC 1.3.6 - Inserimento conferma password}{subsection.3.1}% 27
\BOOKMARK [3][-]{subsubsection.3.1.15}{UC 1.3.7 - Inserimento data di nascita}{subsection.3.1}% 28
\BOOKMARK [2][-]{subsection.3.2}{Allievi}{section.3}% 29
\BOOKMARK [3][-]{subsubsection.3.2.1}{Panoramica allievi}{subsection.3.2}% 30
\BOOKMARK [3][-]{subsubsection.3.2.2}{UC 3.2 - Visualizzazione della dashboardG}{subsection.3.2}% 31
\BOOKMARK [3][-]{subsubsection.3.2.3}{UC 3.2.1 - Visualizzazione progressi}{subsection.3.2}% 32
\BOOKMARK [3][-]{subsubsection.3.2.4}{UC 3.2.2 - Visualizzazione traguardi}{subsection.3.2}% 33
\BOOKMARK [3][-]{subsubsection.3.2.5}{UC 3.2.3 - Visualizzazione valutazioni}{subsection.3.2}% 34
\BOOKMARK [3][-]{subsubsection.3.2.6}{UC 3.2.4 - Inserimento insegnante preferito}{subsection.3.2}% 35
\BOOKMARK [3][-]{subsubsection.3.2.7}{UC 3.3 - Ricerca esercizio}{subsection.3.2}% 36
\BOOKMARK [3][-]{subsubsection.3.2.8}{UC 3.3.1 - Selezione esercizio}{subsection.3.2}% 37
\BOOKMARK [3][-]{subsubsection.3.2.9}{UC 3.3.1.1 - Selezione insegnante}{subsection.3.2}% 38
\BOOKMARK [3][-]{subsubsection.3.2.10}{UC 3.3.2 - Inserimento frase libera}{subsection.3.2}% 39
\BOOKMARK [3][-]{subsubsection.3.2.11}{UC 3.3.2.1 - Visualizzazione errore inserimento frase}{subsection.3.2}% 40
\BOOKMARK [3][-]{subsubsection.3.2.12}{UC 3.4 - Svolgimento esercizio}{subsection.3.2}% 41
\BOOKMARK [3][-]{subsubsection.3.2.13}{UC 3.4.1 - Classificazione parola}{subsection.3.2}% 42
\BOOKMARK [3][-]{subsubsection.3.2.14}{UC 3.4.2 - Interruzione svolgimento esercizio}{subsection.3.2}% 43
\BOOKMARK [3][-]{subsubsection.3.2.15}{UC 3.4.3 - Visualizzazione soluzione}{subsection.3.2}% 44
\BOOKMARK [3][-]{subsubsection.3.2.16}{UC 3.4.3.1 - Selezione soluzione alternativa}{subsection.3.2}% 45
\BOOKMARK [2][-]{subsection.3.3}{Insegnante}{section.3}% 46
\BOOKMARK [3][-]{subsubsection.3.3.1}{Panoramica Insegnante}{subsection.3.3}% 47
\BOOKMARK [3][-]{subsubsection.3.3.2}{UC2.2 - Visualizza profilo personale}{subsection.3.3}% 48
\BOOKMARK [3][-]{subsubsection.3.3.3}{UC2.2.1 - Visualizza storico frasi inserite}{subsection.3.3}% 49
\BOOKMARK [3][-]{subsubsection.3.3.4}{UC2.2.1.1 - Seleziona esercizio per avere pi\371 dettagli}{subsection.3.3}% 50
\BOOKMARK [3][-]{subsubsection.3.3.5}{UC2.2.2 - Visualizza esercizi svolti dagli allievi}{subsection.3.3}% 51
\BOOKMARK [3][-]{subsubsection.3.3.6}{UC2.2.3 - Visualizza i propri allievi}{subsection.3.3}% 52
\BOOKMARK [3][-]{subsubsection.3.3.7}{UC2.2.3.1 - Visualizza preferenze allievi}{subsection.3.3}% 53
\BOOKMARK [3][-]{subsubsection.3.3.8}{UC2.2.4 - Modifica esercizio}{subsection.3.3}% 54
\BOOKMARK [3][-]{subsubsection.3.3.9}{UC2.2.5 - Elimina esercizio}{subsection.3.3}% 55
\BOOKMARK [3][-]{subsubsection.3.3.10}{UC2.3 - Inserimento di un nuovo esercizio}{subsection.3.3}% 56
\BOOKMARK [3][-]{subsubsection.3.3.11}{UC2.3.1 - Predisporre lingua esercizio}{subsection.3.3}% 57
\BOOKMARK [3][-]{subsubsection.3.3.12}{UC2.3.2 - Scrittura testo esercizio}{subsection.3.3}% 58
\BOOKMARK [3][-]{subsubsection.3.3.13}{UC2.3.3 - Correzione automatica esercizio}{subsection.3.3}% 59
\BOOKMARK [3][-]{subsubsection.3.3.14}{UC2.3.4 - Modifica tag automatici}{subsection.3.3}% 60
\BOOKMARK [3][-]{subsubsection.3.3.15}{UC2.3.5 - Inserire pi\371 soluzioni}{subsection.3.3}% 61
\BOOKMARK [3][-]{subsubsection.3.3.16}{UC2.3.6 - Modificare visibilit\340 esercizio}{subsection.3.3}% 62
\BOOKMARK [3][-]{subsubsection.3.3.17}{UC2.3.7 - Salva modifiche}{subsection.3.3}% 63
\BOOKMARK [3][-]{subsubsection.3.3.18}{UC2.3.8 - Visualizzazione errori}{subsection.3.3}% 64
\BOOKMARK [3][-]{subsubsection.3.3.19}{UC2.3.1.1 - Conferma aggiunta esercizio}{subsection.3.3}% 65
\BOOKMARK [2][-]{subsection.3.4}{Sviluppatori}{section.3}% 66
\BOOKMARK [3][-]{subsubsection.3.4.1}{Panoramica Sviluppatori}{subsection.3.4}% 67
\BOOKMARK [3][-]{subsubsection.3.4.2}{UC 4.1 - Visualizzazione elenco frasi}{subsection.3.4}% 68
\BOOKMARK [3][-]{subsubsection.3.4.3}{UC 4.2 - Filtraggio dei dati}{subsection.3.4}% 69
\BOOKMARK [3][-]{subsubsection.3.4.4}{UC 4.2.1 - Inserimento filtro periodo temporale}{subsection.3.4}% 70
\BOOKMARK [3][-]{subsubsection.3.4.5}{UC 4.2.2 - Inserimento filtro fonte}{subsection.3.4}% 71
\BOOKMARK [3][-]{subsubsection.3.4.6}{UC 4.2.3 - Selezione filtro lingue}{subsection.3.4}% 72
\BOOKMARK [3][-]{subsubsection.3.4.7}{UC 4.2.4 - Ricerca frase}{subsection.3.4}% 73
\BOOKMARK [3][-]{subsubsection.3.4.8}{UC 4.2.5 - Visualizzazione dati filtrati}{subsection.3.4}% 74
\BOOKMARK [3][-]{subsubsection.3.4.9}{UC 4.2.6 - Rimozione filtro}{subsection.3.4}% 75
\BOOKMARK [3][-]{subsubsection.3.4.10}{UC 4.3 - Visualizzazione storico frase}{subsection.3.4}% 76
\BOOKMARK [3][-]{subsubsection.3.4.11}{UC 4.4 - Scaricamento dati}{subsection.3.4}% 77
\BOOKMARK [3][-]{subsubsection.3.4.12}{UC 4.4.1 - Scelta contenuti download}{subsection.3.4}% 78
\BOOKMARK [3][-]{subsubsection.3.4.13}{UC 4.4.2 - Scelta formato file}{subsection.3.4}% 79
\BOOKMARK [3][-]{subsubsection.3.4.14}{UC 4.4.2 - Scelta formato archivio}{subsection.3.4}% 80
\BOOKMARK [3][-]{subsubsection.3.4.15}{UC 4.4.2 - Ottenimento file}{subsection.3.4}% 81
\BOOKMARK [3][-]{subsubsection.3.4.16}{UC 4.5 - Creazione modello}{subsection.3.4}% 82
\BOOKMARK [3][-]{subsubsection.3.4.17}{UC 4.5.1 - Scelta parametri funzione}{subsection.3.4}% 83
\BOOKMARK [3][-]{subsubsection.3.4.18}{UC 4.5.2 - Inserimento nome modello}{subsection.3.4}% 84
\BOOKMARK [3][-]{subsubsection.3.4.19}{UC 4.5.3 - Salvataggio modello}{subsection.3.4}% 85
\BOOKMARK [3][-]{subsubsection.3.4.20}{UC 4.5.5 - Visualizzazione messaggio errore nome duplicato}{subsection.3.4}% 86
\BOOKMARK [3][-]{subsubsection.3.4.21}{UC 4.6 - Visualizzazione elenco modelli}{subsection.3.4}% 87
\BOOKMARK [3][-]{subsubsection.3.4.22}{UC 4.7 - Scaricamento modello}{subsection.3.4}% 88
\BOOKMARK [2][-]{subsection.3.5}{Amministratore}{section.3}% 89
\BOOKMARK [3][-]{subsubsection.3.5.1}{Panoramica Amministratore}{subsection.3.5}% 90
\BOOKMARK [3][-]{subsubsection.3.5.2}{UC5.1 - Visualizzazione elenco utenti}{subsection.3.5}% 91
\BOOKMARK [3][-]{subsubsection.3.5.3}{UC5.2 - Visualizzazione elenco richieste}{subsection.3.5}% 92
\BOOKMARK [3][-]{subsubsection.3.5.4}{UC5.3 - Approvazione registrazione}{subsection.3.5}% 93
\BOOKMARK [3][-]{subsubsection.3.5.5}{UC5.4 - Rifiuto registrazione}{subsection.3.5}% 94
\BOOKMARK [3][-]{subsubsection.3.5.6}{UC5.5- Eliminazione utenza}{subsection.3.5}% 95
\BOOKMARK [1][-]{section.4}{Requisiti}{}% 96
\BOOKMARK [1][-]{section.5}{Tracciamento dei requisiti}{}% 97
